<?xml version="1.0" encoding="UTF-8"?>
<testsuites>
  <testsuite name="C:\OpenClassrooms\projects\ToDoList\phpunit.xml.dist" tests="23" assertions="91" errors="0" failures="0" skipped="0" time="18.348513">
    <testsuite name="Project Test Suite" tests="23" assertions="91" errors="0" failures="0" skipped="0" time="18.348513">
      <testsuite name="App\Tests\Controllers\DefaultControllerTest" file="C:\OpenClassrooms\projects\ToDoList\tests\Controllers\DefaultControllerTest.php" tests="1" assertions="3" errors="0" failures="0" skipped="0" time="0.868932">
        <testcase name="testIndex" file="C:\OpenClassrooms\projects\ToDoList\tests\Controllers\DefaultControllerTest.php" line="19" class="App\Tests\Controllers\DefaultControllerTest" classname="App.Tests.Controllers.DefaultControllerTest" assertions="3" time="0.868932"/>
      </testsuite>
      <testsuite name="App\Tests\Controllers\SecurityControllerTest" file="C:\OpenClassrooms\projects\ToDoList\tests\Controllers\SecurityControllerTest.php" tests="4" assertions="14" errors="0" failures="0" skipped="0" time="1.348604">
        <testcase name="testSuccessfulLogin" file="C:\OpenClassrooms\projects\ToDoList\tests\Controllers\SecurityControllerTest.php" line="50" class="App\Tests\Controllers\SecurityControllerTest" classname="App.Tests.Controllers.SecurityControllerTest" assertions="2" time="0.517941"/>
        <testcase name="testFailedLogin" file="C:\OpenClassrooms\projects\ToDoList\tests\Controllers\SecurityControllerTest.php" line="69" class="App\Tests\Controllers\SecurityControllerTest" classname="App.Tests.Controllers.SecurityControllerTest" assertions="4" time="0.358636"/>
        <testcase name="testLoggedInUserTryToAccessToLoginRoute" file="C:\OpenClassrooms\projects\ToDoList\tests\Controllers\SecurityControllerTest.php" line="90" class="App\Tests\Controllers\SecurityControllerTest" classname="App.Tests.Controllers.SecurityControllerTest" assertions="3" time="0.230811"/>
        <testcase name="testLogoutUser" file="C:\OpenClassrooms\projects\ToDoList\tests\Controllers\SecurityControllerTest.php" line="106" class="App\Tests\Controllers\SecurityControllerTest" classname="App.Tests.Controllers.SecurityControllerTest" assertions="5" time="0.241216"/>
      </testsuite>
      <testsuite name="App\Tests\Controllers\TaskControllerTest" file="C:\OpenClassrooms\projects\ToDoList\tests\Controllers\TaskControllerTest.php" tests="11" assertions="52" errors="0" failures="0" skipped="0" time="11.908314">
        <testcase name="testTaskListView" file="C:\OpenClassrooms\projects\ToDoList\tests\Controllers\TaskControllerTest.php" line="73" class="App\Tests\Controllers\TaskControllerTest" classname="App.Tests.Controllers.TaskControllerTest" assertions="3" time="1.047815"/>
        <testcase name="testCreateTaskFormIsRendered" file="C:\OpenClassrooms\projects\ToDoList\tests\Controllers\TaskControllerTest.php" line="87" class="App\Tests\Controllers\TaskControllerTest" classname="App.Tests.Controllers.TaskControllerTest" assertions="3" time="0.268471"/>
        <testcase name="testAnonymousUserCreateTask" file="C:\OpenClassrooms\projects\ToDoList\tests\Controllers\TaskControllerTest.php" line="109" class="App\Tests\Controllers\TaskControllerTest" classname="App.Tests.Controllers.TaskControllerTest" assertions="7" time="1.395925"/>
        <testcase name="testLoggedInUserCreateTask" file="C:\OpenClassrooms\projects\ToDoList\tests\Controllers\TaskControllerTest.php" line="140" class="App\Tests\Controllers\TaskControllerTest" classname="App.Tests.Controllers.TaskControllerTest" assertions="7" time="1.747185"/>
        <testcase name="testEditTaskFormIsRendered" file="C:\OpenClassrooms\projects\ToDoList\tests\Controllers\TaskControllerTest.php" line="170" class="App\Tests\Controllers\TaskControllerTest" classname="App.Tests.Controllers.TaskControllerTest" assertions="4" time="0.211633"/>
        <testcase name="testUserCanEditTask" file="C:\OpenClassrooms\projects\ToDoList\tests\Controllers\TaskControllerTest.php" line="189" class="App\Tests\Controllers\TaskControllerTest" classname="App.Tests.Controllers.TaskControllerTest" assertions="5" time="1.263201"/>
        <testcase name="testUserTryModifyAuthorOfATask" file="C:\OpenClassrooms\projects\ToDoList\tests\Controllers\TaskControllerTest.php" line="214" class="App\Tests\Controllers\TaskControllerTest" classname="App.Tests.Controllers.TaskControllerTest" assertions="4" time="1.286814"/>
        <testcase name="testToggleTask" file="C:\OpenClassrooms\projects\ToDoList\tests\Controllers\TaskControllerTest.php" line="241" class="App\Tests\Controllers\TaskControllerTest" classname="App.Tests.Controllers.TaskControllerTest" assertions="4" time="0.151556"/>
        <testcase name="testUserCanDeleteOneOfTheirTasks" file="C:\OpenClassrooms\projects\ToDoList\tests\Controllers\TaskControllerTest.php" line="260" class="App\Tests\Controllers\TaskControllerTest" classname="App.Tests.Controllers.TaskControllerTest" assertions="5" time="1.149736"/>
        <testcase name="testUserCannotDeleteTaskFromAnotherUser" file="C:\OpenClassrooms\projects\ToDoList\tests\Controllers\TaskControllerTest.php" line="287" class="App\Tests\Controllers\TaskControllerTest" classname="App.Tests.Controllers.TaskControllerTest" assertions="5" time="1.292669"/>
        <testcase name="testAdminCanDeleteAnonymousTask" file="C:\OpenClassrooms\projects\ToDoList\tests\Controllers\TaskControllerTest.php" line="306" class="App\Tests\Controllers\TaskControllerTest" classname="App.Tests.Controllers.TaskControllerTest" assertions="5" time="2.093309"/>
      </testsuite>
      <testsuite name="App\Tests\Controllers\UserControllerTest" file="C:\OpenClassrooms\projects\ToDoList\tests\Controllers\UserControllerTest.php" tests="7" assertions="22" errors="0" failures="0" skipped="0" time="4.222663">
        <testcase name="testAdminCanAccessToUserList" file="C:\OpenClassrooms\projects\ToDoList\tests\Controllers\UserControllerTest.php" line="64" class="App\Tests\Controllers\UserControllerTest" classname="App.Tests.Controllers.UserControllerTest" assertions="2" time="1.076424"/>
        <testcase name="testUserCannotAccessToUserList" file="C:\OpenClassrooms\projects\ToDoList\tests\Controllers\UserControllerTest.php" line="87" class="App\Tests\Controllers\UserControllerTest" classname="App.Tests.Controllers.UserControllerTest" assertions="5" time="0.237671"/>
        <testcase name="testCreateUserFormIsRendered" file="C:\OpenClassrooms\projects\ToDoList\tests\Controllers\UserControllerTest.php" line="109" class="App\Tests\Controllers\UserControllerTest" classname="App.Tests.Controllers.UserControllerTest" assertions="2" time="0.184655"/>
        <testcase name="testCreateUserFormIsSubmittedByAdmin" file="C:\OpenClassrooms\projects\ToDoList\tests\Controllers\UserControllerTest.php" line="119" class="App\Tests\Controllers\UserControllerTest" classname="App.Tests.Controllers.UserControllerTest" assertions="5" time="1.518656"/>
        <testcase name="testCreateUserFormIsSubmittedByUser" file="C:\OpenClassrooms\projects\ToDoList\tests\Controllers\UserControllerTest.php" line="143" class="App\Tests\Controllers\UserControllerTest" classname="App.Tests.Controllers.UserControllerTest" assertions="3" time="0.509839"/>
        <testcase name="testEditUserFormIsRendered" file="C:\OpenClassrooms\projects\ToDoList\tests\Controllers\UserControllerTest.php" line="166" class="App\Tests\Controllers\UserControllerTest" classname="App.Tests.Controllers.UserControllerTest" assertions="2" time="0.178873"/>
        <testcase name="testEditUserFormIsSubmitted" file="C:\OpenClassrooms\projects\ToDoList\tests\Controllers\UserControllerTest.php" line="180" class="App\Tests\Controllers\UserControllerTest" classname="App.Tests.Controllers.UserControllerTest" assertions="3" time="0.516546"/>
      </testsuite>
    </testsuite>
  </testsuite>
</testsuites>
