<?xml version="1.0" encoding="UTF-8"?>
<testsuites>
  <testsuite name="C:\OpenClassrooms\projects\ToDoList\phpunit.xml.dist" tests="18" assertions="25" errors="0" failures="0" skipped="0" time="0.645849">
    <testsuite name="Project Test Suite" tests="18" assertions="25" errors="0" failures="0" skipped="0" time="0.645849">
      <testsuite name="App\Tests\Controllers\DefaultControllerTest" file="C:\OpenClassrooms\projects\ToDoList\tests\Controllers\DefaultControllerTest.php" tests="1" assertions="2" errors="0" failures="0" skipped="0" time="0.549132">
        <testcase name="testIndex" file="C:\OpenClassrooms\projects\ToDoList\tests\Controllers\DefaultControllerTest.php" line="19" class="App\Tests\Controllers\DefaultControllerTest" classname="App.Tests.Controllers.DefaultControllerTest" assertions="2" time="0.549132"/>
      </testsuite>
      <testsuite name="App\Tests\Entity\TaskTest" file="C:\OpenClassrooms\projects\ToDoList\tests\Entity\TaskTest.php" tests="6" assertions="8" errors="0" failures="0" skipped="0" time="0.035238">
        <testcase name="testGetId" file="C:\OpenClassrooms\projects\ToDoList\tests\Entity\TaskTest.php" line="15" class="App\Tests\Entity\TaskTest" classname="App.Tests.Entity.TaskTest" assertions="1" time="0.019943"/>
        <testcase name="testSetTitle" file="C:\OpenClassrooms\projects\ToDoList\tests\Entity\TaskTest.php" line="25" class="App\Tests\Entity\TaskTest" classname="App.Tests.Entity.TaskTest" assertions="1" time="0.003088"/>
        <testcase name="testSetContent" file="C:\OpenClassrooms\projects\ToDoList\tests\Entity\TaskTest.php" line="36" class="App\Tests\Entity\TaskTest" classname="App.Tests.Entity.TaskTest" assertions="1" time="0.002992"/>
        <testcase name="testIsDone" file="C:\OpenClassrooms\projects\ToDoList\tests\Entity\TaskTest.php" line="47" class="App\Tests\Entity\TaskTest" classname="App.Tests.Entity.TaskTest" assertions="1" time="0.002863"/>
        <testcase name="testToggle" file="C:\OpenClassrooms\projects\ToDoList\tests\Entity\TaskTest.php" line="57" class="App\Tests\Entity\TaskTest" classname="App.Tests.Entity.TaskTest" assertions="3" time="0.003038"/>
        <testcase name="testCreatedAt" file="C:\OpenClassrooms\projects\ToDoList\tests\Entity\TaskTest.php" line="75" class="App\Tests\Entity\TaskTest" classname="App.Tests.Entity.TaskTest" assertions="1" time="0.003315"/>
      </testsuite>
      <testsuite name="App\Tests\Entity\UserTest" file="C:\OpenClassrooms\projects\ToDoList\tests\Entity\UserTest.php" tests="11" assertions="15" errors="0" failures="0" skipped="0" time="0.061479">
        <testcase name="testGetId" file="C:\OpenClassrooms\projects\ToDoList\tests\Entity\UserTest.php" line="17" class="App\Tests\Entity\UserTest" classname="App.Tests.Entity.UserTest" assertions="1" time="0.031406"/>
        <testcase name="testSetEmail" file="C:\OpenClassrooms\projects\ToDoList\tests\Entity\UserTest.php" line="27" class="App\Tests\Entity\UserTest" classname="App.Tests.Entity.UserTest" assertions="1" time="0.002644"/>
        <testcase name="testGetUserIdentifier" file="C:\OpenClassrooms\projects\ToDoList\tests\Entity\UserTest.php" line="38" class="App\Tests\Entity\UserTest" classname="App.Tests.Entity.UserTest" assertions="1" time="0.004701"/>
        <testcase name="testGetRoles" file="C:\OpenClassrooms\projects\ToDoList\tests\Entity\UserTest.php" line="49" class="App\Tests\Entity\UserTest" classname="App.Tests.Entity.UserTest" assertions="2" time="0.002739"/>
        <testcase name="testSetRoles" file="C:\OpenClassrooms\projects\ToDoList\tests\Entity\UserTest.php" line="62" class="App\Tests\Entity\UserTest" classname="App.Tests.Entity.UserTest" assertions="1" time="0.002347"/>
        <testcase name="testSetPassword" file="C:\OpenClassrooms\projects\ToDoList\tests\Entity\UserTest.php" line="73" class="App\Tests\Entity\UserTest" classname="App.Tests.Entity.UserTest" assertions="1" time="0.002429"/>
        <testcase name="testEraseCredentials" file="C:\OpenClassrooms\projects\ToDoList\tests\Entity\UserTest.php" line="85" class="App\Tests\Entity\UserTest" classname="App.Tests.Entity.UserTest" assertions="1" time="0.004152"/>
        <testcase name="testSetUsername" file="C:\OpenClassrooms\projects\ToDoList\tests\Entity\UserTest.php" line="98" class="App\Tests\Entity\UserTest" classname="App.Tests.Entity.UserTest" assertions="1" time="0.002843"/>
        <testcase name="testGetTasks" file="C:\OpenClassrooms\projects\ToDoList\tests\Entity\UserTest.php" line="109" class="App\Tests\Entity\UserTest" classname="App.Tests.Entity.UserTest" assertions="1" time="0.003063"/>
        <testcase name="testAddTask" file="C:\OpenClassrooms\projects\ToDoList\tests\Entity\UserTest.php" line="119" class="App\Tests\Entity\UserTest" classname="App.Tests.Entity.UserTest" assertions="2" time="0.002542"/>
        <testcase name="testRemoveTask" file="C:\OpenClassrooms\projects\ToDoList\tests\Entity\UserTest.php" line="133" class="App\Tests\Entity\UserTest" classname="App.Tests.Entity.UserTest" assertions="3" time="0.002614"/>
      </testsuite>
    </testsuite>
  </testsuite>
</testsuites>
