<?xml version="1.0" encoding="UTF-8"?>
<testsuites>
  <testsuite name="C:\OpenClassrooms\projects\ToDoList\phpunit.xml.dist" tests="21" assertions="81" errors="0" failures="0" skipped="0" time="8.071460">
    <testsuite name="Project Test Suite" tests="21" assertions="81" errors="0" failures="0" skipped="0" time="8.071460">
      <testsuite name="App\Tests\Controllers\DefaultControllerTest" file="C:\OpenClassrooms\projects\ToDoList\tests\Controllers\DefaultControllerTest.php" tests="1" assertions="3" errors="0" failures="0" skipped="0" time="0.618698">
        <testcase name="testIndex" file="C:\OpenClassrooms\projects\ToDoList\tests\Controllers\DefaultControllerTest.php" line="19" class="App\Tests\Controllers\DefaultControllerTest" classname="App.Tests.Controllers.DefaultControllerTest" assertions="3" time="0.618698"/>
      </testsuite>
      <testsuite name="App\Tests\Controllers\SecurityControllerTest" file="C:\OpenClassrooms\projects\ToDoList\tests\Controllers\SecurityControllerTest.php" tests="4" assertions="14" errors="0" failures="0" skipped="0" time="0.839802">
        <testcase name="testSuccessfulLogin" file="C:\OpenClassrooms\projects\ToDoList\tests\Controllers\SecurityControllerTest.php" line="50" class="App\Tests\Controllers\SecurityControllerTest" classname="App.Tests.Controllers.SecurityControllerTest" assertions="2" time="0.355138"/>
        <testcase name="testFailedLogin" file="C:\OpenClassrooms\projects\ToDoList\tests\Controllers\SecurityControllerTest.php" line="69" class="App\Tests\Controllers\SecurityControllerTest" classname="App.Tests.Controllers.SecurityControllerTest" assertions="4" time="0.244624"/>
        <testcase name="testLoggedInUserTryToAccessToLoginRoute" file="C:\OpenClassrooms\projects\ToDoList\tests\Controllers\SecurityControllerTest.php" line="90" class="App\Tests\Controllers\SecurityControllerTest" classname="App.Tests.Controllers.SecurityControllerTest" assertions="3" time="0.082592"/>
        <testcase name="testLogoutUser" file="C:\OpenClassrooms\projects\ToDoList\tests\Controllers\SecurityControllerTest.php" line="106" class="App\Tests\Controllers\SecurityControllerTest" classname="App.Tests.Controllers.SecurityControllerTest" assertions="5" time="0.157448"/>
      </testsuite>
      <testsuite name="App\Tests\Controllers\TaskControllerTest" file="C:\OpenClassrooms\projects\ToDoList\tests\Controllers\TaskControllerTest.php" tests="9" assertions="42" errors="0" failures="0" skipped="0" time="4.261348">
        <testcase name="testTaskListView" file="C:\OpenClassrooms\projects\ToDoList\tests\Controllers\TaskControllerTest.php" line="73" class="App\Tests\Controllers\TaskControllerTest" classname="App.Tests.Controllers.TaskControllerTest" assertions="3" time="0.397810"/>
        <testcase name="testCreateTaskFormIsRendered" file="C:\OpenClassrooms\projects\ToDoList\tests\Controllers\TaskControllerTest.php" line="87" class="App\Tests\Controllers\TaskControllerTest" classname="App.Tests.Controllers.TaskControllerTest" assertions="3" time="0.158676"/>
        <testcase name="testAnonymousUserCreateTask" file="C:\OpenClassrooms\projects\ToDoList\tests\Controllers\TaskControllerTest.php" line="109" class="App\Tests\Controllers\TaskControllerTest" classname="App.Tests.Controllers.TaskControllerTest" assertions="7" time="0.700612"/>
        <testcase name="testLoggedInUserCreateTask" file="C:\OpenClassrooms\projects\ToDoList\tests\Controllers\TaskControllerTest.php" line="139" class="App\Tests\Controllers\TaskControllerTest" classname="App.Tests.Controllers.TaskControllerTest" assertions="7" time="0.815703"/>
        <testcase name="testEditTaskFormIsRendered" file="C:\OpenClassrooms\projects\ToDoList\tests\Controllers\TaskControllerTest.php" line="169" class="App\Tests\Controllers\TaskControllerTest" classname="App.Tests.Controllers.TaskControllerTest" assertions="3" time="0.144554"/>
        <testcase name="testUserCanEditTask" file="C:\OpenClassrooms\projects\ToDoList\tests\Controllers\TaskControllerTest.php" line="194" class="App\Tests\Controllers\TaskControllerTest" classname="App.Tests.Controllers.TaskControllerTest" assertions="5" time="0.591894"/>
        <testcase name="testToggleTask" file="C:\OpenClassrooms\projects\ToDoList\tests\Controllers\TaskControllerTest.php" line="219" class="App\Tests\Controllers\TaskControllerTest" classname="App.Tests.Controllers.TaskControllerTest" assertions="4" time="0.120772"/>
        <testcase name="testUserCanDeleteOneOfTheirTasks" file="C:\OpenClassrooms\projects\ToDoList\tests\Controllers\TaskControllerTest.php" line="238" class="App\Tests\Controllers\TaskControllerTest" classname="App.Tests.Controllers.TaskControllerTest" assertions="5" time="0.668066"/>
        <testcase name="testUserCannotDeleteTaskFromAnotherUser" file="C:\OpenClassrooms\projects\ToDoList\tests\Controllers\TaskControllerTest.php" line="265" class="App\Tests\Controllers\TaskControllerTest" classname="App.Tests.Controllers.TaskControllerTest" assertions="5" time="0.663262"/>
      </testsuite>
      <testsuite name="App\Tests\Controllers\UserControllerTest" file="C:\OpenClassrooms\projects\ToDoList\tests\Controllers\UserControllerTest.php" tests="7" assertions="22" errors="0" failures="0" skipped="0" time="2.351612">
        <testcase name="testAdminCanAccessToUserList" file="C:\OpenClassrooms\projects\ToDoList\tests\Controllers\UserControllerTest.php" line="64" class="App\Tests\Controllers\UserControllerTest" classname="App.Tests.Controllers.UserControllerTest" assertions="2" time="0.542718"/>
        <testcase name="testUserCannotAccessToUserList" file="C:\OpenClassrooms\projects\ToDoList\tests\Controllers\UserControllerTest.php" line="87" class="App\Tests\Controllers\UserControllerTest" classname="App.Tests.Controllers.UserControllerTest" assertions="5" time="0.170981"/>
        <testcase name="testCreateUserFormIsRendered" file="C:\OpenClassrooms\projects\ToDoList\tests\Controllers\UserControllerTest.php" line="109" class="App\Tests\Controllers\UserControllerTest" classname="App.Tests.Controllers.UserControllerTest" assertions="2" time="0.122471"/>
        <testcase name="testCreateUserFormIsSubmittedByAdmin" file="C:\OpenClassrooms\projects\ToDoList\tests\Controllers\UserControllerTest.php" line="119" class="App\Tests\Controllers\UserControllerTest" classname="App.Tests.Controllers.UserControllerTest" assertions="5" time="0.683897"/>
        <testcase name="testCreateUserFormIsSubmittedByUser" file="C:\OpenClassrooms\projects\ToDoList\tests\Controllers\UserControllerTest.php" line="143" class="App\Tests\Controllers\UserControllerTest" classname="App.Tests.Controllers.UserControllerTest" assertions="3" time="0.353047"/>
        <testcase name="testEditUserFormIsRendered" file="C:\OpenClassrooms\projects\ToDoList\tests\Controllers\UserControllerTest.php" line="166" class="App\Tests\Controllers\UserControllerTest" classname="App.Tests.Controllers.UserControllerTest" assertions="2" time="0.136942"/>
        <testcase name="testEditUserFormIsSubmitted" file="C:\OpenClassrooms\projects\ToDoList\tests\Controllers\UserControllerTest.php" line="180" class="App\Tests\Controllers\UserControllerTest" classname="App.Tests.Controllers.UserControllerTest" assertions="3" time="0.341556"/>
      </testsuite>
    </testsuite>
  </testsuite>
</testsuites>
